TN:
SF:script/DeployPasswordManager.s.sol
DA:9,15
FN:9,DeployPasswordManager.run
FNDA:15,DeployPasswordManager.run
DA:10,15
DA:11,15
DA:12,15
DA:13,15
FNF:1
FNH:1
LF:5
LH:5
BRF:0
BRH:0
end_of_record
TN:
SF:src/PasswordManager.sol
DA:45,5
FN:45,PasswordManager.onlyOwnerOf
FNDA:5,PasswordManager.onlyOwnerOf
DA:46,5
BRDA:46,0,0,-
DA:47,0
DA:53,4
FN:53,PasswordManager.nonEmptyInput
FNDA:4,PasswordManager.nonEmptyInput
DA:54,4
BRDA:54,1,0,1
DA:55,1
DA:59,2
FN:59,PasswordManager.getUserTokens
FNDA:2,PasswordManager.getUserTokens
DA:60,2
DA:62,3242
FN:62,PasswordManager.addPassword
FNDA:3242,PasswordManager.addPassword
DA:67,3242
DA:68,3242
DA:69,3242
DA:74,3242
DA:75,3242
DA:79,6
FN:79,PasswordManager.updatePassword
FNDA:6,PasswordManager.updatePassword
DA:85,2
DA:86,2
DA:89,2
DA:93,7
FN:93,PasswordManager.deletePassword
FNDA:7,PasswordManager.deletePassword
DA:95,6
DA:98,6
DA:101,6
DA:102,6
DA:103,6
BRDA:103,2,0,6
DA:105,6
DA:106,6
DA:107,6
DA:112,6
DA:115,264
FN:115,PasswordManager.getPasswords
FNDA:264,PasswordManager.getPasswords
DA:117,264
DA:118,264
DA:121,264
DA:122,3238
DA:125,264
DA:128,5
FN:128,PasswordManager.getPasswordByTokenId
FNDA:5,PasswordManager.getPasswordByTokenId
DA:130,4
DA:134,5
FN:134,PasswordManager.tokenURI
FNDA:5,PasswordManager.tokenURI
DA:136,4
DA:139,4
DA:153,4
FNF:9
FNH:9
LF:40
LH:39
BRF:3
BRH:2
end_of_record
